<?xml version="1.0" encoding="UTF-8"?>
<!-- Generated by org.testng.reporters.JUnitReportReporter -->
<testsuite hostname="LAPTOP-OKJ1VVIP" failures="0" tests="1" name="TestTESTNG" time="24.802" errors="0" timestamp="2024-07-30T18:53:30 IST" skipped="0">
  <testcase classname="TestTESTNG" name="f" time="24.802"/>
  <system-out/>
</testsuite> <!-- TestTESTNG -->
