<?xml version="1.0" encoding="UTF-8"?>
<!-- Generated by org.testng.reporters.JUnitReportReporter -->
<testsuite hostname="LAPTOP-OKJ1VVIP" failures="0" tests="1" name="TestTESTNG" time="22.867" errors="0" timestamp="2024-07-30T17:27:19 IST" skipped="0">
  <testcase classname="TestTESTNG" name="f" time="22.867"/>
  <system-out/>
</testsuite> <!-- TestTESTNG -->
